<?xml version="1.0" encoding="UTF-8"?>
<testsuite name="pt.up.fe.ldts.example6.TreeSpockTest" tests="5" skipped="0" failures="0" errors="0" timestamp="2021-12-13T15:46:40" hostname="DESKTOP-67BVQ93" time="0.711">
  <properties/>
  <testcase name="Tree Creation" classname="pt.up.fe.ldts.example6.TreeSpockTest" time="0.548"/>
  <testcase name="Tree to String" classname="pt.up.fe.ldts.example6.TreeSpockTest" time="0.074"/>
  <testcase name="Add Appraisal" classname="pt.up.fe.ldts.example6.TreeSpockTest" time="0.028"/>
  <testcase name="Next Appraisal Overdue" classname="pt.up.fe.ldts.example6.TreeSpockTest" time="0.058"/>
  <testcase name="Next Appraisal Not Overdue" classname="pt.up.fe.ldts.example6.TreeSpockTest" time="0.001"/>
  <system-out><![CDATA[]]></system-out>
  <system-err><![CDATA[]]></system-err>
</testsuite>
